[0m10:52:53.876895 [debug] [MainThread]: Sending event: {'category': 'dbt', 'action': 'invocation', 'label': 'start', 'context': [<snowplow_tracker.self_describing_json.SelfDescribingJson object at 0x000002B704739550>, <snowplow_tracker.self_describing_json.SelfDescribingJson object at 0x000002B7071E7EB0>, <snowplow_tracker.self_describing_json.SelfDescribingJson object at 0x000002B7071E7E50>]}


============================== 10:52:53.883058 | 964c2166-4717-4472-9a6c-0c93f9648ba1 ==============================
[0m10:52:53.883058 [info ] [MainThread]: Running with dbt=1.8.9
[0m10:52:53.884059 [debug] [MainThread]: running dbt with arguments {'printer_width': '80', 'indirect_selection': 'eager', 'log_cache_events': 'False', 'write_json': 'True', 'partial_parse': 'True', 'cache_selected_only': 'False', 'profiles_dir': 'C:\\Users\\Raihan\\.dbt', 'fail_fast': 'False', 'warn_error': 'None', 'log_path': 'logs', 'debug': 'False', 'version_check': 'True', 'use_colors': 'True', 'use_experimental_parser': 'False', 'no_print': 'None', 'quiet': 'False', 'empty': 'None', 'warn_error_options': 'WarnErrorOptions(include=[], exclude=[])', 'invocation_command': 'dbt init', 'log_format': 'default', 'introspect': 'True', 'target_path': 'None', 'static_parser': 'True', 'send_anonymous_usage_stats': 'True'}
[0m10:52:53.899610 [warn ] [MainThread]: [ConfigFolderDirectory]: Unable to parse logging event dictionary. Failed to parse dir field: expected string or bytes-like object.. Dictionary: {'dir': WindowsPath('C:/Users/Raihan/.dbt')}
[0m10:52:53.901548 [info ] [MainThread]: Creating dbt configuration folder at 
[0m10:53:44.100802 [debug] [MainThread]: Starter project path: c:\users\raihan\documents\dibimbing\assignment\dbt_python\venv\lib\site-packages\dbt\include\starter_project
[0m10:53:44.176909 [info ] [MainThread]: 
Your new dbt project "dibimbing" was created!

For more information on how to configure the profiles.yml file,
please consult the dbt documentation here:

  https://docs.getdbt.com/docs/configure-your-profile

One more thing:

Need help? Don't hesitate to reach out to us via GitHub issues or on Slack:

  https://community.getdbt.com/

Happy modeling!

[0m10:53:44.179557 [info ] [MainThread]: Setting up your profile.
[0m10:57:21.941139 [info ] [MainThread]: Profile dibimbing written to C:\Users\Raihan\.dbt\profiles.yml using target's profile_template.yml and your supplied values. Run 'dbt debug' to validate the connection.
[0m10:57:21.943170 [debug] [MainThread]: Command `dbt init` succeeded at 10:57:21.943170 after 268.11 seconds
[0m10:57:21.944168 [debug] [MainThread]: Sending event: {'category': 'dbt', 'action': 'invocation', 'label': 'end', 'context': [<snowplow_tracker.self_describing_json.SelfDescribingJson object at 0x000002B704739550>, <snowplow_tracker.self_describing_json.SelfDescribingJson object at 0x000002B7071E7DC0>, <snowplow_tracker.self_describing_json.SelfDescribingJson object at 0x000002B7071A9070>]}
[0m10:57:21.944697 [debug] [MainThread]: Flushing usage events
